<?xml version="1.0" encoding="UTF-8"?>
<testng-results skipped="0" failed="1" total="3" passed="2">
  <reporter-output>
    <line>
      <![CDATA[last name field is missing<br>]]>
    </line>
    <line>
      <![CDATA[Phone number field is missing<br>]]>
    </line>
  </reporter-output>
  <suite name="Command line suite" duration-ms="24622" started-at="2015-01-24T16:40:09Z" finished-at="2015-01-24T16:40:34Z">
    <groups>
    </groups>
    <test name="Command line test" duration-ms="24622" started-at="2015-01-24T16:40:09Z" finished-at="2015-01-24T16:40:34Z">
      <class name="com.seleniumtests.test.webDriverTest">
        <test-method status="PASS" signature="setEnv(java.lang.String)" name="setEnv" is-config="true" duration-ms="16" started-at="2015-01-24T16:40:09Z" finished-at="2015-01-24T16:40:09Z">
          <params>
            <param index="0">
              <value>
                <![CDATA[http://newtours.demoaut.com/mercuryregister.php]]>
              </value>
            </param>
          </params>
        </test-method>
        <test-method status="PASS" signature="launchBrowser(java.lang.String)" name="launchBrowser" is-config="true" duration-ms="6040" started-at="2015-01-24T16:40:09Z" finished-at="2015-01-24T16:40:15Z">
          <params>
            <param index="0">
              <value>
                <![CDATA[FF]]>
              </value>
            </param>
          </params>
        </test-method>
        <test-method status="FAIL" signature="softAssertion()" name="softAssertion" duration-ms="1567" started-at="2015-01-24T16:40:15Z" finished-at="2015-01-24T16:40:17Z">
          <exception class="java.lang.AssertionError">
            <message>
              <![CDATA[java.lang.AssertionError: java.lang.AssertionError: ]]>
            </message>
            <full-stacktrace>
              <![CDATA[java.lang.AssertionError: java.lang.AssertionError: java.lang.AssertionError: 
	at org.testng.Assert.fail(Assert.java:89)
	at com.seleniumtests.core.CustomVerification.checkForVerificationErrors(CustomVerification.java:60)
	at com.seleniumtests.test.webDriverTest.softAssertion(webDriverTest.java:76)
	at sun.reflect.NativeMethodAccessorImpl.invoke0(Native Method)
	at sun.reflect.NativeMethodAccessorImpl.invoke(Unknown Source)
	at sun.reflect.DelegatingMethodAccessorImpl.invoke(Unknown Source)
	at java.lang.reflect.Method.invoke(Unknown Source)
	at org.testng.internal.MethodInvocationHelper.invokeMethod(MethodInvocationHelper.java:80)
	at org.testng.internal.Invoker.invokeMethod(Invoker.java:673)
	at org.testng.internal.Invoker.invokeTestMethod(Invoker.java:842)
	at org.testng.internal.Invoker.invokeTestMethods(Invoker.java:1166)
	at org.testng.internal.TestMethodWorker.invokeTestMethods(TestMethodWorker.java:125)
	at org.testng.internal.TestMethodWorker.run(TestMethodWorker.java:109)
	at org.testng.TestRunner.runWorkers(TestRunner.java:1178)
	at org.testng.TestRunner.privateRun(TestRunner.java:757)
	at org.testng.TestRunner.run(TestRunner.java:608)
	at org.testng.SuiteRunner.runTest(SuiteRunner.java:334)
	at org.testng.SuiteRunner.runSequentially(SuiteRunner.java:329)
	at org.testng.SuiteRunner.privateRun(SuiteRunner.java:291)
	at org.testng.SuiteRunner.run(SuiteRunner.java:240)
	at org.testng.SuiteRunnerWorker.runSuite(SuiteRunnerWorker.java:52)
	at org.testng.SuiteRunnerWorker.run(SuiteRunnerWorker.java:86)
	at org.testng.TestNG.runSuitesSequentially(TestNG.java:1158)
	at org.testng.TestNG.runSuitesLocally(TestNG.java:1083)
	at org.testng.TestNG.run(TestNG.java:999)
	at org.apache.maven.surefire.testng.TestNGExecutor.run(TestNGExecutor.java:62)
	at org.apache.maven.surefire.testng.TestNGDirectoryTestSuite.execute(TestNGDirectoryTestSuite.java:141)
	at org.apache.maven.surefire.Surefire.run(Surefire.java:177)
	at sun.reflect.NativeMethodAccessorImpl.invoke0(Native Method)
	at sun.reflect.NativeMethodAccessorImpl.invoke(Unknown Source)
	at sun.reflect.DelegatingMethodAccessorImpl.invoke(Unknown Source)
	at java.lang.reflect.Method.invoke(Unknown Source)
	at org.apache.maven.surefire.booter.SurefireBooter.runSuitesInProcess(SurefireBooter.java:338)
	at org.apache.maven.surefire.booter.SurefireBooter.main(SurefireBooter.java:997)
]]>
            </full-stacktrace>
          </exception>
        </test-method>
        <test-method status="PASS" signature="closeBrowser(org.testng.ITestResult)" name="closeBrowser" is-config="true" duration-ms="444" started-at="2015-01-24T16:40:17Z" finished-at="2015-01-24T16:40:17Z">
          <params>
            <param index="0">
              <value>
                <![CDATA[[TestResult: softAssertion STATUS:FAILURE METHOD:com.seleniumtests.test.webDriverTest.softAssertion()last name field is missing<br>]]>
              </value>
            </param>
          </params>
        </test-method>
        <test-method status="PASS" signature="launchBrowser(java.lang.String)" name="launchBrowser" is-config="true" duration-ms="4205" started-at="2015-01-24T16:40:17Z" finished-at="2015-01-24T16:40:21Z">
          <params>
            <param index="0">
              <value>
                <![CDATA[FF]]>
              </value>
            </param>
          </params>
        </test-method>
        <test-method status="PASS" signature="testRegistrationNew(com.seleniumtests.dataobject.RegistrationData)" name="testRegistrationNew" duration-ms="3277" started-at="2015-01-24T16:40:21Z" finished-at="2015-01-24T16:40:25Z">
          <params>
            <param index="0">
              <value>
                <![CDATA[com.seleniumtests.dataobject.RegistrationData@465232e9]]>
              </value>
            </param>
          </params>
        </test-method>
        <test-method status="PASS" signature="closeBrowser(org.testng.ITestResult)" name="closeBrowser" is-config="true" duration-ms="292" started-at="2015-01-24T16:40:25Z" finished-at="2015-01-24T16:40:25Z">
          <params>
            <param index="0">
              <value>
                <![CDATA[[TestResult: testRegistrationNew STATUS:SUCCESS METHOD:com.seleniumtests.test.webDriverTest.testRegistrationNew(com.seleniumtests.dataobject.RegistrationData)]
]]>
              </value>
            </param>
          </params>
        </test-method>
        <test-method status="PASS" signature="launchBrowser(java.lang.String)" name="launchBrowser" is-config="true" duration-ms="3857" started-at="2015-01-24T16:40:25Z" finished-at="2015-01-24T16:40:29Z">
          <params>
            <param index="0">
              <value>
                <![CDATA[FF]]>
              </value>
            </param>
          </params>
        </test-method>
        <test-method status="PASS" signature="testRegistrationNew(com.seleniumtests.dataobject.RegistrationData)" name="testRegistrationNew" duration-ms="4592" started-at="2015-01-24T16:40:29Z" finished-at="2015-01-24T16:40:33Z">
          <params>
            <param index="0">
              <value>
                <![CDATA[com.seleniumtests.dataobject.RegistrationData@798162bc]]>
              </value>
            </param>
          </params>
        </test-method>
        <test-method status="PASS" signature="closeBrowser(org.testng.ITestResult)" name="closeBrowser" is-config="true" duration-ms="332" started-at="2015-01-24T16:40:33Z" finished-at="2015-01-24T16:40:34Z">
          <params>
            <param index="0">
              <value>
                <![CDATA[[TestResult: testRegistrationNew STATUS:SUCCESS METHOD:com.seleniumtests.test.webDriverTest.testRegistrationNew(com.seleniumtests.dataobject.RegistrationData)]
]]>
              </value>
            </param>
          </params>
        </test-method>
      </class>
    </test>
  </suite>
</testng-results>
